{"numFailedTestSuites":0,"numFailedTests":0,"numPassedTestSuites":2,"numPassedTests":5,"numPendingTestSuites":0,"numPendingTests":0,"numRuntimeErrorTestSuites":0,"numTodoTests":0,"numTotalTestSuites":2,"numTotalTests":5,"openHandles":[],"snapshot":{"added":0,"didUpdate":false,"failure":false,"filesAdded":0,"filesRemoved":0,"filesRemovedList":[],"filesUnmatched":0,"filesUpdated":0,"matched":0,"total":0,"unchecked":0,"uncheckedKeysByFile":[],"unmatched":0,"updated":0},"startTime":1774460305062,"success":true,"testResults":[{"assertionResults":[{"ancestorTitles":["API routes"],"duration":34,"failing":false,"failureDetails":[],"failureMessages":[],"fullName":"API routes GET /api/health returns ok","invocations":1,"location":null,"numPassingAsserts":2,"retryReasons":[],"startAt":1774460305710,"status":"passed","title":"GET /api/health returns ok"},{"ancestorTitles":["API routes"],"duration":7,"failing":false,"failureDetails":[],"failureMessages":[],"fullName":"API routes GET /api/info without URL returns 400","invocations":1,"location":null,"numPassingAsserts":2,"retryReasons":[],"startAt":1774460305745,"status":"passed","title":"GET /api/info without URL returns 400"},{"ancestorTitles":["API routes"],"duration":15,"failing":false,"failureDetails":[],"failureMessages":[],"fullName":"API routes POST /api/jobs returns 503 when queue disabled","invocations":1,"location":null,"numPassingAsserts":2,"retryReasons":[],"startAt":1774460305753,"status":"passed","title":"POST /api/jobs returns 503 when queue disabled"}],"endTime":1774460305769,"message":"","name":"D:\\WEBD\\MediaDL\\backend\\tests\\routes.test.js","startTime":1774460305133,"status":"passed","summary":""},{"assertionResults":[{"ancestorTitles":["utility helpers"],"duration":1,"failing":false,"failureDetails":[],"failureMessages":[],"fullName":"utility helpers detectPlatform identifies supported providers","invocations":1,"location":null,"numPassingAsserts":4,"retryReasons":[],"startAt":1774460305912,"status":"passed","title":"detectPlatform identifies supported providers"},{"ancestorTitles":["utility helpers"],"duration":0,"failing":false,"failureDetails":[],"failureMessages":[],"fullName":"utility helpers formatDuration creates mm:ss and hh:mm:ss output","invocations":1,"location":null,"numPassingAsserts":2,"retryReasons":[],"startAt":1774460305914,"status":"passed","title":"formatDuration creates mm:ss and hh:mm:ss output"}],"endTime":1774460305915,"message":"","name":"D:\\WEBD\\MediaDL\\backend\\tests\\utils.test.js","startTime":1774460305777,"status":"passed","summary":""}],"wasInterrupted":false}
